d:\work\freelancerprojects\fiverr\kin\kinovea\kinovea.video.ffmpeg\playerserver\debug\vc142.pdb
d:\work\freelancerprojects\fiverr\kin\kinovea\kinovea.video.ffmpeg\playerserver\debug\videoreaderffmpeg.obj
d:\work\freelancerprojects\fiverr\kin\kinovea\kinovea.video.ffmpeg\playerserver\debug\videofilewriter.obj
d:\work\freelancerprojects\fiverr\kin\kinovea\kinovea.video.ffmpeg\playerserver\debug\mjpegwriter.obj
d:\work\freelancerprojects\fiverr\kin\kinovea\kinovea.video.ffmpeg\playerserver\debug\assemblyinfo.obj
d:\work\freelancerprojects\fiverr\kin\kinovea\kinovea.video.ffmpeg\playerserver\debug\.netframework,version=v4.8.assemblyattributes.obj
d:\work\freelancerprojects\fiverr\kin\kinovea\kinovea.video.ffmpeg\bin\kinovea.video.dll
d:\work\freelancerprojects\fiverr\kin\kinovea\kinovea.video.ffmpeg\bin\log4net.dll
d:\work\freelancerprojects\fiverr\kin\kinovea\kinovea.video.ffmpeg\bin\turbojpegnet.dll
d:\work\freelancerprojects\fiverr\kin\kinovea\kinovea.video.ffmpeg\bin\kinovea.video.pdb
d:\work\freelancerprojects\fiverr\kin\kinovea\kinovea.video.ffmpeg\bin\log4net.xml
d:\work\freelancerprojects\fiverr\kin\kinovea\kinovea.video.ffmpeg\bin\kinovea.video.ffmpeg.dll
d:\work\freelancerprojects\fiverr\kin\kinovea\kinovea.video.ffmpeg\bin\kinovea.video.ffmpeg.pdb
d:\work\freelancerprojects\fiverr\kin\kinovea\kinovea.video.ffmpeg\playerserver\debug\kinovea..f80dbe6d.tlog\metagen.write.1.tlog
d:\work\freelancerprojects\fiverr\kin\kinovea\kinovea.video.ffmpeg\playerserver\..\bin\kinovea.video.ffmpeg.dll
d:\work\freelancerprojects\fiverr\kin\kinovea\kinovea.video.ffmpeg\playerserver\debug\kinovea..f80dbe6d.tlog\cl.command.1.tlog
d:\work\freelancerprojects\fiverr\kin\kinovea\kinovea.video.ffmpeg\playerserver\debug\kinovea..f80dbe6d.tlog\cl.read.1.tlog
d:\work\freelancerprojects\fiverr\kin\kinovea\kinovea.video.ffmpeg\playerserver\debug\kinovea..f80dbe6d.tlog\cl.write.1.tlog
d:\work\freelancerprojects\fiverr\kin\kinovea\kinovea.video.ffmpeg\playerserver\debug\kinovea..f80dbe6d.tlog\kinovea.video.ffmpeg.read.1u.tlog
d:\work\freelancerprojects\fiverr\kin\kinovea\kinovea.video.ffmpeg\playerserver\debug\kinovea..f80dbe6d.tlog\kinovea.video.ffmpeg.write.1u.tlog
d:\work\freelancerprojects\fiverr\kin\kinovea\kinovea.video.ffmpeg\playerserver\debug\kinovea..f80dbe6d.tlog\link.command.1.tlog
d:\work\freelancerprojects\fiverr\kin\kinovea\kinovea.video.ffmpeg\playerserver\debug\kinovea..f80dbe6d.tlog\link.read.1.tlog
d:\work\freelancerprojects\fiverr\kin\kinovea\kinovea.video.ffmpeg\playerserver\debug\kinovea..f80dbe6d.tlog\link.write.1.tlog
d:\work\freelancerprojects\fiverr\kin\kinovea\kinovea.video.ffmpeg\playerserver\debug\kinovea..f80dbe6d.tlog\metagen.read.1.tlog
d:\work\freelancerprojects\fiverr\kin\kinovea\kinovea.video.ffmpeg\playerserver\debug\kinovea..f80dbe6d.tlog\kinovea.video.dll.metagen
d:\work\freelancerprojects\fiverr\kin\kinovea\kinovea.video.ffmpeg\playerserver\debug\kinovea..f80dbe6d.tlog\log4net.dll.metagen
